[Jun 29 2020 12:22:14] WARNING in /var/www/html/fresh/wp-content/plugins/woocommerce-bundle-choice/application/library/lib-validate.php at line number 42
"call_user_func_array() expects parameter 1 to be a valid callback, class 'WBC_WP' does not have a method 'required'"
[Jun 29 2020 12:22:42] WARNING in /var/www/html/fresh/wp-content/plugins/woocommerce-bundle-choice/application/library/lib-validate.php at line number 42
"call_user_func_array() expects parameter 1 to be a valid callback, class 'WBC_WP' does not have a method 'required'"
[Jun 29 2020 12:23:03] WARNING in /var/www/html/fresh/wp-content/plugins/woocommerce-bundle-choice/application/library/lib-validate.php at line number 42
"call_user_func_array() expects parameter 1 to be a valid callback, class 'WBC_WP' does not have a method 'required'"
[Jun 29 2020 12:24:50] WARNING in /var/www/html/fresh/wp-content/plugins/woocommerce-bundle-choice/application/library/lib-validate.php at line number 42
"call_user_func_array() expects parameter 1 to be a valid callback, class 'WBC_WP' does not have a method 'required'"
[Jun 29 2020 12:26:09] WARNING in /var/www/html/fresh/wp-content/plugins/woocommerce-bundle-choice/application/library/lib-validate.php at line number 64
"strlen() expects parameter 1 to be string, array given"
[Jun 29 2020 13:51:04] ERROR in /var/www/html/fresh/wp-content/plugins/woocommerce-bundle-choice/application/view/admin/menu/configuration.php at line number 9
"Uncaught Error: Class 'eo\\wbc\\model\\admin\\Eowbc_Configuration' not found in \/var\/www\/html\/fresh\/wp-content\/plugins\/woocommerce-bundle-choice\/application\/view\/admin\/menu\/configuration.php:9\nStack trace:\n#0 \/var\/www\/html\/fresh\/wp-content\/plugins\/woocommerce-bundle-choice\/application\/library\/lib-load.php(83): require()\n#1 \/var\/www\/html\/fresh\/wp-content\/plugins\/woocommerce-bundle-choice\/application\/controllers\/admin\/menu\/admin-menu-factory.php(106): WBC_Loader->template('admin\/menu\/conf...')\n#2 \/var\/www\/html\/fresh\/wp-content\/plugins\/woocommerce-bundle-choice\/application\/controllers\/admin\/menu\/admin-menu-factory.php(134): eo\\wbc\\controllers\\admin\\menu\\Admin_Menu_Factory->get_tabs_details()\n#3 \/var\/www\/html\/fresh\/wp-includes\/class-wp-hook.php(287): eo\\wbc\\controllers\\admin\\menu\\Admin_Menu_Factory->eo\\wbc\\controllers\\admin\\menu\\{closure}('')\n#4 \/var\/www\/html\/fresh\/wp-includes\/class-wp-hook.php(311): WP_Hook->apply_filters('', Array)\n#5 \/var\/www\/html\/fresh\/wp-includes\/plugin.php(478): WP_Hook->do_action(Array)\n#6 \/va"
[Jun 29 2020 13:53:10] ERROR in /var/www/html/fresh/wp-content/plugins/woocommerce-bundle-choice/application/view/admin/menu/configuration.php at line number 9
"Uncaught Error: Class 'eo\\wbc\\model\\admin\\Eowbc_Configuration' not found in \/var\/www\/html\/fresh\/wp-content\/plugins\/woocommerce-bundle-choice\/application\/view\/admin\/menu\/configuration.php:9\nStack trace:\n#0 \/var\/www\/html\/fresh\/wp-content\/plugins\/woocommerce-bundle-choice\/application\/library\/lib-load.php(83): require()\n#1 \/var\/www\/html\/fresh\/wp-content\/plugins\/woocommerce-bundle-choice\/application\/controllers\/admin\/menu\/admin-menu-factory.php(106): WBC_Loader->template('admin\/menu\/conf...')\n#2 \/var\/www\/html\/fresh\/wp-content\/plugins\/woocommerce-bundle-choice\/application\/controllers\/admin\/menu\/admin-menu-factory.php(134): eo\\wbc\\controllers\\admin\\menu\\Admin_Menu_Factory->get_tabs_details()\n#3 \/var\/www\/html\/fresh\/wp-includes\/class-wp-hook.php(287): eo\\wbc\\controllers\\admin\\menu\\Admin_Menu_Factory->eo\\wbc\\controllers\\admin\\menu\\{closure}('')\n#4 \/var\/www\/html\/fresh\/wp-includes\/class-wp-hook.php(311): WP_Hook->apply_filters('', Array)\n#5 \/var\/www\/html\/fresh\/wp-includes\/plugin.php(478): WP_Hook->do_action(Array)\n#6 \/va"
[Jun 29 2020 13:54:27] ERROR in /var/www/html/fresh/wp-content/plugins/woocommerce-bundle-choice/application/view/admin/menu/configuration.php at line number 9
"Uncaught Error: Class 'eo\\wbc\\model\\admin\\Eowbc_Configuration' not found in \/var\/www\/html\/fresh\/wp-content\/plugins\/woocommerce-bundle-choice\/application\/view\/admin\/menu\/configuration.php:9\nStack trace:\n#0 \/var\/www\/html\/fresh\/wp-content\/plugins\/woocommerce-bundle-choice\/application\/library\/lib-load.php(83): require()\n#1 \/var\/www\/html\/fresh\/wp-content\/plugins\/woocommerce-bundle-choice\/application\/controllers\/admin\/menu\/admin-menu-factory.php(106): WBC_Loader->template('admin\/menu\/conf...')\n#2 \/var\/www\/html\/fresh\/wp-content\/plugins\/woocommerce-bundle-choice\/application\/controllers\/admin\/menu\/admin-menu-factory.php(134): eo\\wbc\\controllers\\admin\\menu\\Admin_Menu_Factory->get_tabs_details()\n#3 \/var\/www\/html\/fresh\/wp-includes\/class-wp-hook.php(287): eo\\wbc\\controllers\\admin\\menu\\Admin_Menu_Factory->eo\\wbc\\controllers\\admin\\menu\\{closure}('')\n#4 \/var\/www\/html\/fresh\/wp-includes\/class-wp-hook.php(311): WP_Hook->apply_filters('', Array)\n#5 \/var\/www\/html\/fresh\/wp-includes\/plugin.php(478): WP_Hook->do_action(Array)\n#6 \/va"
[Jun 29 2020 13:55:19] ERROR in /var/www/html/fresh/wp-content/plugins/woocommerce-bundle-choice/application/view/admin/menu/configuration.php at line number 11
"Uncaught Error: Class 'eo\\wbc\\model\\admin\\Eowbc_Configuration' not found in \/var\/www\/html\/fresh\/wp-content\/plugins\/woocommerce-bundle-choice\/application\/view\/admin\/menu\/configuration.php:11\nStack trace:\n#0 \/var\/www\/html\/fresh\/wp-content\/plugins\/woocommerce-bundle-choice\/application\/library\/lib-load.php(83): require()\n#1 \/var\/www\/html\/fresh\/wp-content\/plugins\/woocommerce-bundle-choice\/application\/controllers\/admin\/menu\/admin-menu-factory.php(106): WBC_Loader->template('admin\/menu\/conf...')\n#2 \/var\/www\/html\/fresh\/wp-content\/plugins\/woocommerce-bundle-choice\/application\/controllers\/admin\/menu\/admin-menu-factory.php(134): eo\\wbc\\controllers\\admin\\menu\\Admin_Menu_Factory->get_tabs_details()\n#3 \/var\/www\/html\/fresh\/wp-includes\/class-wp-hook.php(287): eo\\wbc\\controllers\\admin\\menu\\Admin_Menu_Factory->eo\\wbc\\controllers\\admin\\menu\\{closure}('')\n#4 \/var\/www\/html\/fresh\/wp-includes\/class-wp-hook.php(311): WP_Hook->apply_filters('', Array)\n#5 \/var\/www\/html\/fresh\/wp-includes\/plugin.php(478): WP_Hook->do_action(Array)\n#6 \/v"
[Jun 29 2020 13:55:45] Parse Error in /var/www/html/fresh/wp-content/plugins/woocommerce-bundle-choice/application/controllers/admin/menu/page/configuration.php at line number 28
"syntax error, unexpected 'if' (T_IF)"
[Jun 29 2020 14:00:16] ERROR in /var/www/html/fresh/wp-content/plugins/woocommerce-bundle-choice/application/controllers/admin/menu/page/configuration.php at line number 128
"Uncaught Error: Class 'eo\\wbc\\controllers\\admin\\menu\\page\\eo\\wbc\\model\\Category_Attribute' not found in \/var\/www\/html\/fresh\/wp-content\/plugins\/woocommerce-bundle-choice\/application\/controllers\/admin\/menu\/page\/configuration.php:128\nStack trace:\n#0 \/var\/www\/html\/fresh\/wp-content\/plugins\/woocommerce-bundle-choice\/application\/view\/admin\/menu\/configuration.php(11): eo\\wbc\\controllers\\admin\\menu\\page\\Configuration::get_form_definition()\n#1 \/var\/www\/html\/fresh\/wp-content\/plugins\/woocommerce-bundle-choice\/application\/library\/lib-load.php(83): require('\/var\/www\/html\/f...')\n#2 \/var\/www\/html\/fresh\/wp-content\/plugins\/woocommerce-bundle-choice\/application\/controllers\/admin\/menu\/admin-menu-factory.php(106): WBC_Loader->template('admin\/menu\/conf...')\n#3 \/var\/www\/html\/fresh\/wp-content\/plugins\/woocommerce-bundle-choice\/application\/controllers\/admin\/menu\/admin-menu-factory.php(134): eo\\wbc\\controllers\\admin\\menu\\Admin_Menu_Factory->get_tabs_details()\n#4 \/var\/www\/html\/fresh\/wp-includes\/class-wp-hook.php(287): eo\\wbc\\controllers"
[Jun 29 2020 14:02:25] ERROR in /var/www/html/fresh/wp-content/plugins/woocommerce-bundle-choice/application/controllers/admin/menu/page/configuration.php at line number 128
"Uncaught Error: Class 'eo\\wbc\\controllers\\admin\\menu\\page\\eo\\wbc\\model\\Category_Attribute' not found in \/var\/www\/html\/fresh\/wp-content\/plugins\/woocommerce-bundle-choice\/application\/controllers\/admin\/menu\/page\/configuration.php:128\nStack trace:\n#0 \/var\/www\/html\/fresh\/wp-content\/plugins\/woocommerce-bundle-choice\/application\/view\/admin\/menu\/configuration.php(11): eo\\wbc\\controllers\\admin\\menu\\page\\Configuration::get_form_definition()\n#1 \/var\/www\/html\/fresh\/wp-content\/plugins\/woocommerce-bundle-choice\/application\/library\/lib-load.php(83): require('\/var\/www\/html\/f...')\n#2 \/var\/www\/html\/fresh\/wp-content\/plugins\/woocommerce-bundle-choice\/application\/controllers\/admin\/menu\/admin-menu-factory.php(106): WBC_Loader->template('admin\/menu\/conf...')\n#3 \/var\/www\/html\/fresh\/wp-content\/plugins\/woocommerce-bundle-choice\/application\/controllers\/admin\/menu\/admin-menu-factory.php(134): eo\\wbc\\controllers\\admin\\menu\\Admin_Menu_Factory->get_tabs_details()\n#4 \/var\/www\/html\/fresh\/wp-includes\/class-wp-hook.php(287): eo\\wbc\\controllers"
[Jun 29 2020 14:06:58] ERROR in /var/www/html/fresh/wp-content/plugins/woocommerce-bundle-choice/application/controllers/admin/menu/page/configuration.php at line number 129
"Uncaught Error: Class 'eo\\wbc\\controllers\\admin\\menu\\page\\eo\\wbc\\model\\Category_Attribute' not found in \/var\/www\/html\/fresh\/wp-content\/plugins\/woocommerce-bundle-choice\/application\/controllers\/admin\/menu\/page\/configuration.php:129\nStack trace:\n#0 \/var\/www\/html\/fresh\/wp-content\/plugins\/woocommerce-bundle-choice\/application\/view\/admin\/menu\/configuration.php(11): eo\\wbc\\controllers\\admin\\menu\\page\\Configuration::get_form_definition()\n#1 \/var\/www\/html\/fresh\/wp-content\/plugins\/woocommerce-bundle-choice\/application\/library\/lib-load.php(83): require('\/var\/www\/html\/f...')\n#2 \/var\/www\/html\/fresh\/wp-content\/plugins\/woocommerce-bundle-choice\/application\/controllers\/admin\/menu\/admin-menu-factory.php(106): WBC_Loader->template('admin\/menu\/conf...')\n#3 \/var\/www\/html\/fresh\/wp-content\/plugins\/woocommerce-bundle-choice\/application\/controllers\/admin\/menu\/admin-menu-factory.php(134): eo\\wbc\\controllers\\admin\\menu\\Admin_Menu_Factory->get_tabs_details()\n#4 \/var\/www\/html\/fresh\/wp-includes\/class-wp-hook.php(287): eo\\wbc\\controllers"
[Jun 29 2020 14:07:55] ERROR in /var/www/html/fresh/wp-content/plugins/woocommerce-bundle-choice/application/controllers/admin/menu/page/configuration.php at line number 152
"Uncaught Error: Class 'eo\\wbc\\controllers\\admin\\menu\\page\\eo\\wbc\\model\\Category_Attribute' not found in \/var\/www\/html\/fresh\/wp-content\/plugins\/woocommerce-bundle-choice\/application\/controllers\/admin\/menu\/page\/configuration.php:152\nStack trace:\n#0 \/var\/www\/html\/fresh\/wp-content\/plugins\/woocommerce-bundle-choice\/application\/view\/admin\/menu\/configuration.php(11): eo\\wbc\\controllers\\admin\\menu\\page\\Configuration::get_form_definition()\n#1 \/var\/www\/html\/fresh\/wp-content\/plugins\/woocommerce-bundle-choice\/application\/library\/lib-load.php(83): require('\/var\/www\/html\/f...')\n#2 \/var\/www\/html\/fresh\/wp-content\/plugins\/woocommerce-bundle-choice\/application\/controllers\/admin\/menu\/admin-menu-factory.php(106): WBC_Loader->template('admin\/menu\/conf...')\n#3 \/var\/www\/html\/fresh\/wp-content\/plugins\/woocommerce-bundle-choice\/application\/controllers\/admin\/menu\/admin-menu-factory.php(134): eo\\wbc\\controllers\\admin\\menu\\Admin_Menu_Factory->get_tabs_details()\n#4 \/var\/www\/html\/fresh\/wp-includes\/class-wp-hook.php(287): eo\\wbc\\controllers"
[Jun 29 2020 14:12:56] ERROR in /var/www/html/fresh/wp-content/plugins/woocommerce-bundle-choice/application/controllers/ajax/eowbc_configuration.php at line number 13
"Uncaught Error: Class 'eo\\wbc\\model\\admin\\Eowbc_Configuration' not found in \/var\/www\/html\/fresh\/wp-content\/plugins\/woocommerce-bundle-choice\/application\/controllers\/ajax\/eowbc_configuration.php:13\nStack trace:\n#0 \/var\/www\/html\/fresh\/wp-content\/plugins\/woocommerce-bundle-choice\/application\/woocommerce-bundle-choice-bootstrap.php(75): require_once()\n#1 \/var\/www\/html\/fresh\/wp-includes\/class-wp-hook.php(287): eo\\wbc\\WooCommerce_Bundle_Choice_Bootstrap->ajax('')\n#2 \/var\/www\/html\/fresh\/wp-includes\/class-wp-hook.php(311): WP_Hook->apply_filters('', Array)\n#3 \/var\/www\/html\/fresh\/wp-includes\/plugin.php(478): WP_Hook->do_action(Array)\n#4 \/var\/www\/html\/fresh\/wp-admin\/admin-ajax.php(175): do_action('wp_ajax_eowbc_a...')\n#5 {main}\n  thrown"
[Jun 29 2020 14:13:11] ERROR in /var/www/html/fresh/wp-content/plugins/woocommerce-bundle-choice/application/controllers/ajax/eowbc_configuration.php at line number 13
"Uncaught Error: Class 'eo\\wbc\\model\\admin\\Eowbc_Configuration' not found in \/var\/www\/html\/fresh\/wp-content\/plugins\/woocommerce-bundle-choice\/application\/controllers\/ajax\/eowbc_configuration.php:13\nStack trace:\n#0 \/var\/www\/html\/fresh\/wp-content\/plugins\/woocommerce-bundle-choice\/application\/woocommerce-bundle-choice-bootstrap.php(75): require_once()\n#1 \/var\/www\/html\/fresh\/wp-includes\/class-wp-hook.php(287): eo\\wbc\\WooCommerce_Bundle_Choice_Bootstrap->ajax('')\n#2 \/var\/www\/html\/fresh\/wp-includes\/class-wp-hook.php(311): WP_Hook->apply_filters('', Array)\n#3 \/var\/www\/html\/fresh\/wp-includes\/plugin.php(478): WP_Hook->do_action(Array)\n#4 \/var\/www\/html\/fresh\/wp-admin\/admin-ajax.php(175): do_action('wp_ajax_eowbc_a...')\n#5 {main}\n  thrown"
[Jun 29 2020 14:14:07] Parse Error in /var/www/html/fresh/wp-content/plugins/woocommerce-bundle-choice/application/model/admin/sample_data/eowbc-jewelry.php at line number 11041
"syntax error, unexpected '=', expecting ')'"
[Jun 29 2020 14:18:33] Parse Error in /var/www/html/fresh/wp-content/plugins/woocommerce-bundle-choice/application/model/admin/sample_data/eowbc-jewelry.php at line number 11300
"syntax error, unexpected '=', expecting :: (T_PAAMAYIM_NEKUDOTAYIM)"
[Jun 29 2020 14:19:01] Parse Error in /var/www/html/fresh/wp-content/plugins/woocommerce-bundle-choice/application/model/admin/sample_data/eowbc-jewelry.php at line number 11300
"syntax error, unexpected '=>' (T_DOUBLE_ARROW), expecting :: (T_PAAMAYIM_NEKUDOTAYIM)"
[Jun 29 2020 14:37:07] Notice in /var/www/html/fresh/wp-content/plugins/woocommerce-bundle-choice/application/model/admin/eowbc_filters.php at line number 260
"Undefined index: filter_template"
[Jun 29 2020 14:38:55] Notice in /var/www/html/fresh/wp-content/plugins/woocommerce-bundle-choice/application/model/admin/eowbc_filters.php at line number 262
"Undefined index: filter_template"
[Jun 29 2020 14:44:46] Notice in /var/www/html/fresh/wp-content/plugins/woocommerce-bundle-choice/application/view/publics/buttons.php at line number 19
"Trying to get property 'name' of non-object"
[Jun 29 2020 14:48:07] Notice in /var/www/html/fresh/wp-content/plugins/woocommerce-bundle-choice/application/view/publics/buttons.php at line number 23
"Trying to get property 'name' of non-object"
[Jun 29 2020 15:26:26] WARNING in /var/www/html/fresh/wp-content/plugins/woocommerce-bundle-choice/application/library/lib-validate.php at line number 64
"strlen() expects parameter 1 to be string, array given"
[Jun 29 2020 15:26:40] WARNING in /var/www/html/fresh/wp-content/plugins/woocommerce-bundle-choice/application/library/lib-validate.php at line number 64
"strlen() expects parameter 1 to be string, array given"
[Jun 30 2020 06:58:34] Notice in /var/www/html/fresh/wp-content/plugins/woocommerce-bundle-choice/application/controllers/publics/options.php at line number 285
"Undefined variable: border_hover"
[Jun 30 2020 06:59:01] Notice in /var/www/html/fresh/wp-content/plugins/woocommerce-bundle-choice/application/controllers/publics/options.php at line number 285
"Undefined variable: border_hover"
[Jun 30 2020 07:19:58] Notice in /var/www/html/fresh/wp-content/plugins/woocommerce-bundle-choice/application/controllers/publics/options.php at line number 285
"Undefined variable: border_hover"
[Jun 30 2020 07:20:02] Notice in /var/www/html/fresh/wp-content/plugins/woocommerce-bundle-choice/application/controllers/publics/options.php at line number 285
"Undefined variable: border_hover"
[Jun 30 2020 07:20:06] Notice in /var/www/html/fresh/wp-content/plugins/woocommerce-bundle-choice/application/controllers/publics/options.php at line number 285
"Undefined variable: border_hover"
[Jun 30 2020 07:20:26] Notice in /var/www/html/fresh/wp-content/plugins/woocommerce-bundle-choice/application/controllers/publics/options.php at line number 285
"Undefined variable: border_hover"
[Jun 30 2020 07:20:31] Notice in /var/www/html/fresh/wp-content/plugins/woocommerce-bundle-choice/application/controllers/publics/options.php at line number 285
"Undefined variable: border_hover"
[Jun 30 2020 07:20:39] Notice in /var/www/html/fresh/wp-content/plugins/woocommerce-bundle-choice/application/controllers/publics/options.php at line number 285
"Undefined variable: border_hover"
[Jun 30 2020 07:20:41] Notice in /var/www/html/fresh/wp-content/plugins/woocommerce-bundle-choice/application/controllers/publics/options.php at line number 285
"Undefined variable: border_hover"
[Jun 30 2020 07:20:42] ERROR in /var/www/html/fresh/wp-content/plugins/woocommerce-bundle-choice/application/model/publics/component/eowbc_breadcrumb.php at line number 360
"Uncaught Error: Access to undeclared static property: eo\\wbc\\model\\publics\\component\\EOWBC_Breadcrumb::$second_sug in \/var\/www\/html\/fresh\/wp-content\/plugins\/woocommerce-bundle-choice\/application\/model\/publics\/component\/eowbc_breadcrumb.php:360\nStack trace:\n#0 \/var\/www\/html\/fresh\/wp-content\/plugins\/woocommerce-bundle-choice\/application\/model\/publics\/component\/eowbc_breadcrumb.php(295): eo\\wbc\\model\\publics\\component\\EOWBC_Breadcrumb::eo_wbc_breadcrumb_change_url(1, '1239')\n#1 \/var\/www\/html\/fresh\/wp-content\/plugins\/woocommerce-bundle-choice\/application\/model\/publics\/component\/eowbc_breadcrumb.php(186): eo\\wbc\\model\\publics\\component\\EOWBC_Breadcrumb::eo_wbc_breadcumb_second_html('2', 1)\n#2 \/var\/www\/html\/fresh\/wp-content\/plugins\/woocommerce-bundle-choice\/application\/model\/publics\/component\/eowbc_breadcrumb.php(104): eo\\wbc\\model\\publics\\component\\EOWBC_Breadcrumb::eo_wbc_breadcrumb_desktop('2', 'eo_setting_shap...')\n#3 \/var\/www\/html\/fresh\/wp-content\/plugins\/woocommerce-bundle-choice\/application\/controllers\/publi"
[Jun 30 2020 07:24:28] Notice in /var/www/html/fresh/wp-content/plugins/woocommerce-bundle-choice/application/controllers/publics/options.php at line number 285
"Undefined variable: border_hover"
[Jun 30 2020 11:46:33] Notice in /var/www/html/fresh/wp-content/plugins/woocommerce-bundle-choice/application/controllers/publics/options.php at line number 285
"Undefined variable: border_hover"
[Jul 01 2020 05:15:43] ERROR in /var/www/html/fresh/wp-content/plugins/woocommerce-bundle-choice/application/controllers/admin/admin.php at line number 32
"Uncaught Error: Call to a member function init() on null in \/var\/www\/html\/fresh\/wp-content\/plugins\/woocommerce-bundle-choice\/application\/controllers\/admin\/admin.php:32\nStack trace:\n#0 \/var\/www\/html\/fresh\/wp-content\/plugins\/woocommerce-bundle-choice\/application\/controllers\/http-handler.php(34): eo\\wbc\\controllers\\admin\\Admin::process()\n#1 \/var\/www\/html\/fresh\/wp-content\/plugins\/woocommerce-bundle-choice\/application\/woocommerce-bundle-choice-bootstrap.php(62): eo\\wbc\\controllers\\Http_Handler::process()\n#2 \/var\/www\/html\/fresh\/wp-content\/plugins\/woocommerce-bundle-choice\/woocommerce-bundle-choice.php(148): eo\\wbc\\WooCommerce_Bundle_Choice_Bootstrap->run()\n#3 \/var\/www\/html\/fresh\/wp-content\/plugins\/woocommerce-bundle-choice\/woocommerce-bundle-choice.php(56): WooCommerce_Bundle_Choice->init()\n#4 \/var\/www\/html\/fresh\/wp-content\/plugins\/woocommerce-bundle-choice\/woocommerce-bundle-choice.php(157): WooCommerce_Bundle_Choice->construct_init()\n#5 \/var\/www\/html\/fresh\/wp-includes\/class-wp-hook.php(287): {closure}('')\n#6 \/var"
[Jul 01 2020 05:23:58] Parse Error in /var/www/html/fresh/wp-content/plugins/woocommerce-bundle-choice/application/controllers/admin/customizer.php at line number 29
"syntax error, unexpected 'if' (T_IF)"
[Jul 01 2020 05:24:58] Parse Error in /var/www/html/fresh/wp-content/plugins/woocommerce-bundle-choice/application/controllers/admin/customizer.php at line number 30
"syntax error, unexpected 'if' (T_IF)"
[Jul 01 2020 05:25:18] Parse Error in /var/www/html/fresh/wp-content/plugins/woocommerce-bundle-choice/application/controllers/admin/customizer.php at line number 30
"syntax error, unexpected 'if' (T_IF)"
[Jul 01 2020 05:25:19] Parse Error in /var/www/html/fresh/wp-content/plugins/woocommerce-bundle-choice/application/controllers/admin/customizer.php at line number 31
"syntax error, unexpected 'if' (T_IF)"
[Jul 01 2020 05:25:22] Parse Error in /var/www/html/fresh/wp-content/plugins/woocommerce-bundle-choice/application/controllers/admin/customizer.php at line number 31
"syntax error, unexpected 'if' (T_IF)"
[Jul 01 2020 05:25:23] Parse Error in /var/www/html/fresh/wp-content/plugins/woocommerce-bundle-choice/application/controllers/admin/customizer.php at line number 31
"syntax error, unexpected 'if' (T_IF)"
[Jul 01 2020 05:25:23] Parse Error in /var/www/html/fresh/wp-content/plugins/woocommerce-bundle-choice/application/controllers/admin/customizer.php at line number 31
"syntax error, unexpected 'if' (T_IF)"
