2020-07-03T13:25:00+00:00 CRITICAL Uncaught Error: Class 'eo\wbc\model\admin\Cache_Manager' not found in /Users/hiren/Sites/tmp/wordpress/src/wp-content/plugins/woo-bundle-choice/application/model/admin/eowbc_mapping.php:199
Stack trace:
#0 /Users/hiren/Sites/tmp/wordpress/src/wp-content/plugins/woo-bundle-choice/application/controllers/ajax/eowbc_mapping.php(18): eo\wbc\model\admin\Eowbc_Mapping->save(Array)
#1 /Users/hiren/Sites/tmp/wordpress/src/wp-content/plugins/woo-bundle-choice/application/woocommerce-bundle-choice-bootstrap.php(75): require_once('/Users/hiren/Si...')
#2 /Users/hiren/Sites/tmp/wordpress/src/wp-includes/class-wp-hook.php(287): eo\wbc\WooCommerce_Bundle_Choice_Bootstrap->ajax('')
#3 /Users/hiren/Sites/tmp/wordpress/src/wp-includes/class-wp-hook.php(311): WP_Hook->apply_filters('', Array)
#4 /Users/hiren/Si in /Users/hiren/Sites/tmp/wordpress/src/wp-content/plugins/woo-bundle-choice/application/model/admin/eowbc_mapping.php on line 199

2020-07-03T13:26:50+00:00 CRITICAL Uncaught Error: Class 'eo\wbc\model\admin\Cache_Manager' not found in /Users/hiren/Sites/tmp/wordpress/src/wp-content/plugins/woo-bundle-choice/application/model/admin/eowbc_mapping.php:199
Stack trace:
#0 /Users/hiren/Sites/tmp/wordpress/src/wp-content/plugins/woo-bundle-choice/application/controllers/ajax/eowbc_mapping.php(18): eo\wbc\model\admin\Eowbc_Mapping->save(Array)
#1 /Users/hiren/Sites/tmp/wordpress/src/wp-content/plugins/woo-bundle-choice/application/woocommerce-bundle-choice-bootstrap.php(75): require_once('/Users/hiren/Si...')
#2 /Users/hiren/Sites/tmp/wordpress/src/wp-includes/class-wp-hook.php(287): eo\wbc\WooCommerce_Bundle_Choice_Bootstrap->ajax('')
#3 /Users/hiren/Sites/tmp/wordpress/src/wp-includes/class-wp-hook.php(311): WP_Hook->apply_filters('', Array)
#4 /Users/hiren/Si in /Users/hiren/Sites/tmp/wordpress/src/wp-content/plugins/woo-bundle-choice/application/model/admin/eowbc_mapping.php on line 199

2020-07-03T13:27:41+00:00 CRITICAL Uncaught Error: Class 'eo\wbc\model\admin\Cache_Manager' not found in /Users/hiren/Sites/tmp/wordpress/src/wp-content/plugins/woo-bundle-choice/application/model/admin/eowbc_mapping.php:199
Stack trace:
#0 /Users/hiren/Sites/tmp/wordpress/src/wp-content/plugins/woo-bundle-choice/application/controllers/ajax/eowbc_mapping.php(18): eo\wbc\model\admin\Eowbc_Mapping->save(Array)
#1 /Users/hiren/Sites/tmp/wordpress/src/wp-content/plugins/woo-bundle-choice/application/woocommerce-bundle-choice-bootstrap.php(75): require_once('/Users/hiren/Si...')
#2 /Users/hiren/Sites/tmp/wordpress/src/wp-includes/class-wp-hook.php(287): eo\wbc\WooCommerce_Bundle_Choice_Bootstrap->ajax('')
#3 /Users/hiren/Sites/tmp/wordpress/src/wp-includes/class-wp-hook.php(311): WP_Hook->apply_filters('', Array)
#4 /Users/hiren/Si in /Users/hiren/Sites/tmp/wordpress/src/wp-content/plugins/woo-bundle-choice/application/model/admin/eowbc_mapping.php on line 199

2020-07-03T13:28:25+00:00 CRITICAL Uncaught Error: Class 'eo\wbc\model\admin\Cache_Manager' not found in /Users/hiren/Sites/tmp/wordpress/src/wp-content/plugins/woo-bundle-choice/application/model/admin/eowbc_mapping.php:199
Stack trace:
#0 /Users/hiren/Sites/tmp/wordpress/src/wp-content/plugins/woo-bundle-choice/application/controllers/ajax/eowbc_mapping.php(18): eo\wbc\model\admin\Eowbc_Mapping->save(Array)
#1 /Users/hiren/Sites/tmp/wordpress/src/wp-content/plugins/woo-bundle-choice/application/woocommerce-bundle-choice-bootstrap.php(75): require_once('/Users/hiren/Si...')
#2 /Users/hiren/Sites/tmp/wordpress/src/wp-includes/class-wp-hook.php(287): eo\wbc\WooCommerce_Bundle_Choice_Bootstrap->ajax('')
#3 /Users/hiren/Sites/tmp/wordpress/src/wp-includes/class-wp-hook.php(311): WP_Hook->apply_filters('', Array)
#4 /Users/hiren/Si in /Users/hiren/Sites/tmp/wordpress/src/wp-content/plugins/woo-bundle-choice/application/model/admin/eowbc_mapping.php on line 199

