2020-06-17T07:43:05+00:00 CRITICAL Uncaught ArgumentCountError: Too few arguments to function eo\wbc\controllers\admin\menu\page\Mapping::eo_wbc_prime_category(), 0 passed in /Users/hiren/Sites/wp-content/plugins/woocommerce-bundle-choice/application/controllers/admin/menu/page/mapping.php on line 204 and at least 2 expected in /Users/hiren/Sites/wp-content/plugins/woocommerce-bundle-choice/application/controllers/admin/menu/page/mapping.php:22
Stack trace:
#0 /Users/hiren/Sites/wp-content/plugins/woocommerce-bundle-choice/application/controllers/admin/menu/page/mapping.php(204): eo\wbc\controllers\admin\menu\page\Mapping::eo_wbc_prime_category()
#1 /Users/hiren/Sites/wp-content/plugins/woocommerce-bundle-choice/application/view/admin/menu/mapping.php(14): eo\wbc\controllers\admin\menu\page\Mapping:: in /Users/hiren/Sites/wp-content/plugins/woocommerce-bundle-choice/application/controllers/admin/menu/page/mapping.php on line 22

2020-06-17T07:49:21+00:00 CRITICAL Uncaught ArgumentCountError: Too few arguments to function eo\wbc\controllers\admin\menu\page\Mapping::eo_wbc_prime_category(), 0 passed in /Users/hiren/Sites/wp-content/plugins/woocommerce-bundle-choice/application/controllers/admin/menu/page/mapping.php on line 204 and at least 2 expected in /Users/hiren/Sites/wp-content/plugins/woocommerce-bundle-choice/application/controllers/admin/menu/page/mapping.php:22
Stack trace:
#0 /Users/hiren/Sites/wp-content/plugins/woocommerce-bundle-choice/application/controllers/admin/menu/page/mapping.php(204): eo\wbc\controllers\admin\menu\page\Mapping::eo_wbc_prime_category()
#1 /Users/hiren/Sites/wp-content/plugins/woocommerce-bundle-choice/application/view/admin/menu/mapping.php(14): eo\wbc\controllers\admin\menu\page\Mapping:: in /Users/hiren/Sites/wp-content/plugins/woocommerce-bundle-choice/application/controllers/admin/menu/page/mapping.php on line 22

2020-06-17T07:52:01+00:00 CRITICAL Uncaught ArgumentCountError: Too few arguments to function eo\wbc\controllers\admin\menu\page\Mapping::eo_wbc_prime_category(), 0 passed in /Users/hiren/Sites/wp-content/plugins/woocommerce-bundle-choice/application/controllers/admin/menu/page/mapping.php on line 204 and at least 2 expected in /Users/hiren/Sites/wp-content/plugins/woocommerce-bundle-choice/application/controllers/admin/menu/page/mapping.php:22
Stack trace:
#0 /Users/hiren/Sites/wp-content/plugins/woocommerce-bundle-choice/application/controllers/admin/menu/page/mapping.php(204): eo\wbc\controllers\admin\menu\page\Mapping::eo_wbc_prime_category()
#1 /Users/hiren/Sites/wp-content/plugins/woocommerce-bundle-choice/application/view/admin/menu/mapping.php(14): eo\wbc\controllers\admin\menu\page\Mapping:: in /Users/hiren/Sites/wp-content/plugins/woocommerce-bundle-choice/application/controllers/admin/menu/page/mapping.php on line 22

2020-06-17T09:48:22+00:00 CRITICAL Uncaught Error: Class 'WooCommerce_Bundle_Choice_Bootstrap' not found in /Users/hiren/Sites/wp-content/plugins/woocommerce-bundle-choice/uninstall.php:24
Stack trace:
#0 /Users/hiren/Sites/wp-content/plugins/woocommerce-bundle-choice/uninstall.php(27): uninstall_woocommerce_bundle_choice_plugin()
#1 /Users/hiren/Sites/wp-admin/includes/plugin.php(1222): include('/Users/hiren/Si...')
#2 /Users/hiren/Sites/wp-admin/includes/plugin.php(956): uninstall_plugin('woocommerce-bun...')
#3 /Users/hiren/Sites/wp-admin/includes/ajax-actions.php(4545): delete_plugins(Array)
#4 /Users/hiren/Sites/wp-includes/class-wp-hook.php(287): wp_ajax_delete_plugin('')
 in /Users/hiren/Sites/wp-content/plugins/woocommerce-bundle-choice/uninstall.php on line 24

