2020-06-26T04:23:15+00:00 CRITICAL Uncaught Exception: There is an error at page http://127.0.0.1:8888/tmp/. Type: fatal_error Message: Woo Choice Plugin failed to display buttons on your current theme, you may send an error log or create a support ticket on the support forum. in /Users/hiren/Sites/tmp/wp-content/plugins/woo-bundle-choice/application/controllers/ajax/eo_wbc_throw_error.php:10
Stack trace:
#0 /Users/hiren/Sites/tmp/wp-content/plugins/woo-bundle-choice/application/woocommerce-bundle-choice-bootstrap.php(71): require_once()
#1 /Users/hiren/Sites/tmp/wp-includes/class-wp-hook.php(287): eo\wbc\WooCommerce_Bundle_Choice_Bootstrap->ajax('')
#2 /Users/hiren/Sites/tmp/wp-includes/class-wp-hook.php(311): WP_Hook->apply_filters('', Array)
#3 /Users/hiren/Sit in /Users/hiren/Sites/tmp/wp-content/plugins/woo-bundle-choice/application/controllers/ajax/eo_wbc_throw_error.php on line 10

2020-06-26T06:47:04+00:00 CRITICAL Uncaught Exception: There is an error at page http://127.0.0.1:8888/tmp/. Type: fatal_error Message: Woo Choice Plugin failed to display buttons on your current theme, you may send an error log or create a support ticket on the support forum. in /Users/hiren/Sites/tmp/wp-content/plugins/woo-bundle-choice/application/controllers/ajax/eo_wbc_throw_error.php:10
Stack trace:
#0 /Users/hiren/Sites/tmp/wp-content/plugins/woo-bundle-choice/application/woocommerce-bundle-choice-bootstrap.php(71): require_once()
#1 /Users/hiren/Sites/tmp/wp-includes/class-wp-hook.php(287): eo\wbc\WooCommerce_Bundle_Choice_Bootstrap->ajax('')
#2 /Users/hiren/Sites/tmp/wp-includes/class-wp-hook.php(311): WP_Hook->apply_filters('', Array)
#3 /Users/hiren/Sit in /Users/hiren/Sites/tmp/wp-content/plugins/woo-bundle-choice/application/controllers/ajax/eo_wbc_throw_error.php on line 10

2020-06-26T06:49:03+00:00 CRITICAL Uncaught Exception: There is an error at page http://127.0.0.1:8888/tmp/. Type: fatal_error Message: Woo Choice Plugin failed to display buttons on your current theme, you may send an error log or create a support ticket on the support forum. in /Users/hiren/Sites/tmp/wp-content/plugins/woo-bundle-choice/application/controllers/ajax/eo_wbc_throw_error.php:10
Stack trace:
#0 /Users/hiren/Sites/tmp/wp-content/plugins/woo-bundle-choice/application/woocommerce-bundle-choice-bootstrap.php(71): require_once()
#1 /Users/hiren/Sites/tmp/wp-includes/class-wp-hook.php(287): eo\wbc\WooCommerce_Bundle_Choice_Bootstrap->ajax('')
#2 /Users/hiren/Sites/tmp/wp-includes/class-wp-hook.php(311): WP_Hook->apply_filters('', Array)
#3 /Users/hiren/Sit in /Users/hiren/Sites/tmp/wp-content/plugins/woo-bundle-choice/application/controllers/ajax/eo_wbc_throw_error.php on line 10

2020-06-26T06:49:57+00:00 CRITICAL Uncaught Exception: There is an error at page http://127.0.0.1:8888/tmp/. Type: fatal_error Message: Woo Choice Plugin failed to display buttons on your current theme, you may send an error log or create a support ticket on the support forum. in /Users/hiren/Sites/tmp/wp-content/plugins/woo-bundle-choice/application/controllers/ajax/eo_wbc_throw_error.php:10
Stack trace:
#0 /Users/hiren/Sites/tmp/wp-content/plugins/woo-bundle-choice/application/woocommerce-bundle-choice-bootstrap.php(71): require_once()
#1 /Users/hiren/Sites/tmp/wp-includes/class-wp-hook.php(287): eo\wbc\WooCommerce_Bundle_Choice_Bootstrap->ajax('')
#2 /Users/hiren/Sites/tmp/wp-includes/class-wp-hook.php(311): WP_Hook->apply_filters('', Array)
#3 /Users/hiren/Sit in /Users/hiren/Sites/tmp/wp-content/plugins/woo-bundle-choice/application/controllers/ajax/eo_wbc_throw_error.php on line 10

2020-06-26T06:51:38+00:00 CRITICAL Uncaught Exception: There is an error at page http://127.0.0.1:8888/tmp/. Type: fatal_error Message: Woo Choice Plugin failed to display buttons on your current theme, you may send an error log or create a support ticket on the support forum. in /Users/hiren/Sites/tmp/wp-content/plugins/woo-bundle-choice/application/controllers/ajax/eo_wbc_throw_error.php:10
Stack trace:
#0 /Users/hiren/Sites/tmp/wp-content/plugins/woo-bundle-choice/application/woocommerce-bundle-choice-bootstrap.php(71): require_once()
#1 /Users/hiren/Sites/tmp/wp-includes/class-wp-hook.php(287): eo\wbc\WooCommerce_Bundle_Choice_Bootstrap->ajax('')
#2 /Users/hiren/Sites/tmp/wp-includes/class-wp-hook.php(311): WP_Hook->apply_filters('', Array)
#3 /Users/hiren/Sit in /Users/hiren/Sites/tmp/wp-content/plugins/woo-bundle-choice/application/controllers/ajax/eo_wbc_throw_error.php on line 10

2020-06-26T07:07:50+00:00 CRITICAL Uncaught Exception: There is an error at page http://127.0.0.1:8888/tmp/. Type: fatal_error Message: Woo Choice Plugin failed to display buttons on your current theme, you may send an error log or create a support ticket on the support forum. in /Users/hiren/Sites/tmp/wp-content/plugins/woo-bundle-choice/application/controllers/ajax/eo_wbc_throw_error.php:10
Stack trace:
#0 /Users/hiren/Sites/tmp/wp-content/plugins/woo-bundle-choice/application/woocommerce-bundle-choice-bootstrap.php(71): require_once()
#1 /Users/hiren/Sites/tmp/wp-includes/class-wp-hook.php(287): eo\wbc\WooCommerce_Bundle_Choice_Bootstrap->ajax('')
#2 /Users/hiren/Sites/tmp/wp-includes/class-wp-hook.php(311): WP_Hook->apply_filters('', Array)
#3 /Users/hiren/Sit in /Users/hiren/Sites/tmp/wp-content/plugins/woo-bundle-choice/application/controllers/ajax/eo_wbc_throw_error.php on line 10

2020-06-26T07:09:35+00:00 CRITICAL Uncaught Exception: There is an error at page http://127.0.0.1:8888/tmp/. Type: fatal_error Message: Woo Choice Plugin failed to display buttons on your current theme, you may send an error log or create a support ticket on the support forum. in /Users/hiren/Sites/tmp/wp-content/plugins/woo-bundle-choice/application/controllers/ajax/eo_wbc_throw_error.php:10
Stack trace:
#0 /Users/hiren/Sites/tmp/wp-content/plugins/woo-bundle-choice/application/woocommerce-bundle-choice-bootstrap.php(71): require_once()
#1 /Users/hiren/Sites/tmp/wp-includes/class-wp-hook.php(287): eo\wbc\WooCommerce_Bundle_Choice_Bootstrap->ajax('')
#2 /Users/hiren/Sites/tmp/wp-includes/class-wp-hook.php(311): WP_Hook->apply_filters('', Array)
#3 /Users/hiren/Sit in /Users/hiren/Sites/tmp/wp-content/plugins/woo-bundle-choice/application/controllers/ajax/eo_wbc_throw_error.php on line 10

2020-06-26T07:10:51+00:00 CRITICAL Uncaught Exception: There is an error at page http://127.0.0.1:8888/tmp/. Type: fatal_error Message: Woo Choice Plugin failed to display buttons on your current theme, you may send an error log or create a support ticket on the support forum. in /Users/hiren/Sites/tmp/wp-content/plugins/woo-bundle-choice/application/controllers/ajax/eo_wbc_throw_error.php:10
Stack trace:
#0 /Users/hiren/Sites/tmp/wp-content/plugins/woo-bundle-choice/application/woocommerce-bundle-choice-bootstrap.php(71): require_once()
#1 /Users/hiren/Sites/tmp/wp-includes/class-wp-hook.php(287): eo\wbc\WooCommerce_Bundle_Choice_Bootstrap->ajax('')
#2 /Users/hiren/Sites/tmp/wp-includes/class-wp-hook.php(311): WP_Hook->apply_filters('', Array)
#3 /Users/hiren/Sit in /Users/hiren/Sites/tmp/wp-content/plugins/woo-bundle-choice/application/controllers/ajax/eo_wbc_throw_error.php on line 10

2020-06-26T07:11:49+00:00 CRITICAL Uncaught Exception: There is an error at page http://127.0.0.1:8888/tmp/. Type: fatal_error Message: Woo Choice Plugin failed to display buttons on your current theme, you may send an error log or create a support ticket on the support forum. in /Users/hiren/Sites/tmp/wp-content/plugins/woo-bundle-choice/application/controllers/ajax/eo_wbc_throw_error.php:10
Stack trace:
#0 /Users/hiren/Sites/tmp/wp-content/plugins/woo-bundle-choice/application/woocommerce-bundle-choice-bootstrap.php(71): require_once()
#1 /Users/hiren/Sites/tmp/wp-includes/class-wp-hook.php(287): eo\wbc\WooCommerce_Bundle_Choice_Bootstrap->ajax('')
#2 /Users/hiren/Sites/tmp/wp-includes/class-wp-hook.php(311): WP_Hook->apply_filters('', Array)
#3 /Users/hiren/Sit in /Users/hiren/Sites/tmp/wp-content/plugins/woo-bundle-choice/application/controllers/ajax/eo_wbc_throw_error.php on line 10

2020-06-26T07:14:02+00:00 CRITICAL Uncaught Exception: There is an error at page http://127.0.0.1:8888/tmp/. Type: fatal_error Message: Woo Choice Plugin failed to display buttons on your current theme, you may send an error log or create a support ticket on the support forum. in /Users/hiren/Sites/tmp/wp-content/plugins/woo-bundle-choice/application/controllers/ajax/eo_wbc_throw_error.php:10
Stack trace:
#0 /Users/hiren/Sites/tmp/wp-content/plugins/woo-bundle-choice/application/woocommerce-bundle-choice-bootstrap.php(71): require_once()
#1 /Users/hiren/Sites/tmp/wp-includes/class-wp-hook.php(287): eo\wbc\WooCommerce_Bundle_Choice_Bootstrap->ajax('')
#2 /Users/hiren/Sites/tmp/wp-includes/class-wp-hook.php(311): WP_Hook->apply_filters('', Array)
#3 /Users/hiren/Sit in /Users/hiren/Sites/tmp/wp-content/plugins/woo-bundle-choice/application/controllers/ajax/eo_wbc_throw_error.php on line 10

2020-06-26T07:14:29+00:00 CRITICAL Uncaught Exception: There is an error at page http://127.0.0.1:8888/tmp/. Type: fatal_error Message: Woo Choice Plugin failed to display buttons on your current theme, you may send an error log or create a support ticket on the support forum. in /Users/hiren/Sites/tmp/wp-content/plugins/woo-bundle-choice/application/controllers/ajax/eo_wbc_throw_error.php:10
Stack trace:
#0 /Users/hiren/Sites/tmp/wp-content/plugins/woo-bundle-choice/application/woocommerce-bundle-choice-bootstrap.php(71): require_once()
#1 /Users/hiren/Sites/tmp/wp-includes/class-wp-hook.php(287): eo\wbc\WooCommerce_Bundle_Choice_Bootstrap->ajax('')
#2 /Users/hiren/Sites/tmp/wp-includes/class-wp-hook.php(311): WP_Hook->apply_filters('', Array)
#3 /Users/hiren/Sit in /Users/hiren/Sites/tmp/wp-content/plugins/woo-bundle-choice/application/controllers/ajax/eo_wbc_throw_error.php on line 10

2020-06-26T07:35:23+00:00 CRITICAL Uncaught Exception: There is an error at page http://127.0.0.1:8888/tmp/. Type: fatal_error Message: Woo Choice Plugin failed to display buttons on your current theme, you may send an error log or create a support ticket on the support forum. in /Users/hiren/Sites/tmp/wp-content/plugins/woo-bundle-choice/application/controllers/ajax/eo_wbc_throw_error.php:10
Stack trace:
#0 /Users/hiren/Sites/tmp/wp-content/plugins/woo-bundle-choice/application/woocommerce-bundle-choice-bootstrap.php(71): require_once()
#1 /Users/hiren/Sites/tmp/wp-includes/class-wp-hook.php(287): eo\wbc\WooCommerce_Bundle_Choice_Bootstrap->ajax('')
#2 /Users/hiren/Sites/tmp/wp-includes/class-wp-hook.php(311): WP_Hook->apply_filters('', Array)
#3 /Users/hiren/Sit in /Users/hiren/Sites/tmp/wp-content/plugins/woo-bundle-choice/application/controllers/ajax/eo_wbc_throw_error.php on line 10

2020-06-26T07:36:13+00:00 CRITICAL Uncaught Exception: There is an error at page http://127.0.0.1:8888/tmp/. Type: fatal_error Message: Woo Choice Plugin failed to display buttons on your current theme, you may send an error log or create a support ticket on the support forum. in /Users/hiren/Sites/tmp/wp-content/plugins/woo-bundle-choice/application/controllers/ajax/eo_wbc_throw_error.php:10
Stack trace:
#0 /Users/hiren/Sites/tmp/wp-content/plugins/woo-bundle-choice/application/woocommerce-bundle-choice-bootstrap.php(71): require_once()
#1 /Users/hiren/Sites/tmp/wp-includes/class-wp-hook.php(287): eo\wbc\WooCommerce_Bundle_Choice_Bootstrap->ajax('')
#2 /Users/hiren/Sites/tmp/wp-includes/class-wp-hook.php(311): WP_Hook->apply_filters('', Array)
#3 /Users/hiren/Sit in /Users/hiren/Sites/tmp/wp-content/plugins/woo-bundle-choice/application/controllers/ajax/eo_wbc_throw_error.php on line 10

2020-06-26T07:57:24+00:00 CRITICAL Uncaught Exception: There is an error at page http://127.0.0.1:8888/tmp/. Type: fatal_error Message: Woo Choice Plugin failed to display buttons on your current theme, you may send an error log or create a support ticket on the support forum. in /Users/hiren/Sites/tmp/wp-content/plugins/woo-bundle-choice/application/controllers/ajax/eo_wbc_throw_error.php:10
Stack trace:
#0 /Users/hiren/Sites/tmp/wp-content/plugins/woo-bundle-choice/application/woocommerce-bundle-choice-bootstrap.php(71): require_once()
#1 /Users/hiren/Sites/tmp/wp-includes/class-wp-hook.php(287): eo\wbc\WooCommerce_Bundle_Choice_Bootstrap->ajax('')
#2 /Users/hiren/Sites/tmp/wp-includes/class-wp-hook.php(311): WP_Hook->apply_filters('', Array)
#3 /Users/hiren/Sit in /Users/hiren/Sites/tmp/wp-content/plugins/woo-bundle-choice/application/controllers/ajax/eo_wbc_throw_error.php on line 10

2020-06-26T08:00:04+00:00 CRITICAL Uncaught Exception: There is an error at page http://127.0.0.1:8888/tmp/. Type: fatal_error Message: Woo Choice Plugin failed to display buttons on your current theme, you may send an error log or create a support ticket on the support forum. in /Users/hiren/Sites/tmp/wp-content/plugins/woo-bundle-choice/application/controllers/ajax/eo_wbc_throw_error.php:10
Stack trace:
#0 /Users/hiren/Sites/tmp/wp-content/plugins/woo-bundle-choice/application/woocommerce-bundle-choice-bootstrap.php(71): require_once()
#1 /Users/hiren/Sites/tmp/wp-includes/class-wp-hook.php(287): eo\wbc\WooCommerce_Bundle_Choice_Bootstrap->ajax('')
#2 /Users/hiren/Sites/tmp/wp-includes/class-wp-hook.php(311): WP_Hook->apply_filters('', Array)
#3 /Users/hiren/Sit in /Users/hiren/Sites/tmp/wp-content/plugins/woo-bundle-choice/application/controllers/ajax/eo_wbc_throw_error.php on line 10

2020-06-26T08:05:25+00:00 CRITICAL Uncaught Exception: There is an error at page http://127.0.0.1:8888/tmp/. Type: fatal_error Message: Woo Choice Plugin failed to display buttons on your current theme, you may send an error log or create a support ticket on the support forum. in /Users/hiren/Sites/tmp/wp-content/plugins/woo-bundle-choice/application/controllers/ajax/eo_wbc_throw_error.php:10
Stack trace:
#0 /Users/hiren/Sites/tmp/wp-content/plugins/woo-bundle-choice/application/woocommerce-bundle-choice-bootstrap.php(71): require_once()
#1 /Users/hiren/Sites/tmp/wp-includes/class-wp-hook.php(287): eo\wbc\WooCommerce_Bundle_Choice_Bootstrap->ajax('')
#2 /Users/hiren/Sites/tmp/wp-includes/class-wp-hook.php(311): WP_Hook->apply_filters('', Array)
#3 /Users/hiren/Sit in /Users/hiren/Sites/tmp/wp-content/plugins/woo-bundle-choice/application/controllers/ajax/eo_wbc_throw_error.php on line 10

2020-06-26T08:06:14+00:00 CRITICAL Uncaught Exception: There is an error at page http://127.0.0.1:8888/tmp/. Type: fatal_error Message: Woo Choice Plugin failed to display buttons on your current theme, you may send an error log or create a support ticket on the support forum. in /Users/hiren/Sites/tmp/wp-content/plugins/woo-bundle-choice/application/controllers/ajax/eo_wbc_throw_error.php:10
Stack trace:
#0 /Users/hiren/Sites/tmp/wp-content/plugins/woo-bundle-choice/application/woocommerce-bundle-choice-bootstrap.php(71): require_once()
#1 /Users/hiren/Sites/tmp/wp-includes/class-wp-hook.php(287): eo\wbc\WooCommerce_Bundle_Choice_Bootstrap->ajax('')
#2 /Users/hiren/Sites/tmp/wp-includes/class-wp-hook.php(311): WP_Hook->apply_filters('', Array)
#3 /Users/hiren/Sit in /Users/hiren/Sites/tmp/wp-content/plugins/woo-bundle-choice/application/controllers/ajax/eo_wbc_throw_error.php on line 10

2020-06-26T08:06:32+00:00 CRITICAL Uncaught Exception: There is an error at page http://127.0.0.1:8888/tmp/. Type: fatal_error Message: Woo Choice Plugin failed to display buttons on your current theme, you may send an error log or create a support ticket on the support forum. in /Users/hiren/Sites/tmp/wp-content/plugins/woo-bundle-choice/application/controllers/ajax/eo_wbc_throw_error.php:10
Stack trace:
#0 /Users/hiren/Sites/tmp/wp-content/plugins/woo-bundle-choice/application/woocommerce-bundle-choice-bootstrap.php(71): require_once()
#1 /Users/hiren/Sites/tmp/wp-includes/class-wp-hook.php(287): eo\wbc\WooCommerce_Bundle_Choice_Bootstrap->ajax('')
#2 /Users/hiren/Sites/tmp/wp-includes/class-wp-hook.php(311): WP_Hook->apply_filters('', Array)
#3 /Users/hiren/Sit in /Users/hiren/Sites/tmp/wp-content/plugins/woo-bundle-choice/application/controllers/ajax/eo_wbc_throw_error.php on line 10

2020-06-26T08:06:48+00:00 CRITICAL Uncaught Exception: There is an error at page http://127.0.0.1:8888/tmp/. Type: fatal_error Message: Woo Choice Plugin failed to display buttons on your current theme, you may send an error log or create a support ticket on the support forum. in /Users/hiren/Sites/tmp/wp-content/plugins/woo-bundle-choice/application/controllers/ajax/eo_wbc_throw_error.php:10
Stack trace:
#0 /Users/hiren/Sites/tmp/wp-content/plugins/woo-bundle-choice/application/woocommerce-bundle-choice-bootstrap.php(71): require_once()
#1 /Users/hiren/Sites/tmp/wp-includes/class-wp-hook.php(287): eo\wbc\WooCommerce_Bundle_Choice_Bootstrap->ajax('')
#2 /Users/hiren/Sites/tmp/wp-includes/class-wp-hook.php(311): WP_Hook->apply_filters('', Array)
#3 /Users/hiren/Sit in /Users/hiren/Sites/tmp/wp-content/plugins/woo-bundle-choice/application/controllers/ajax/eo_wbc_throw_error.php on line 10

2020-06-26T08:07:50+00:00 CRITICAL Uncaught Exception: There is an error at page http://127.0.0.1:8888/tmp/. Type: fatal_error Message: Woo Choice Plugin failed to display buttons on your current theme, you may send an error log or create a support ticket on the support forum. in /Users/hiren/Sites/tmp/wp-content/plugins/woo-bundle-choice/application/controllers/ajax/eo_wbc_throw_error.php:10
Stack trace:
#0 /Users/hiren/Sites/tmp/wp-content/plugins/woo-bundle-choice/application/woocommerce-bundle-choice-bootstrap.php(71): require_once()
#1 /Users/hiren/Sites/tmp/wp-includes/class-wp-hook.php(287): eo\wbc\WooCommerce_Bundle_Choice_Bootstrap->ajax('')
#2 /Users/hiren/Sites/tmp/wp-includes/class-wp-hook.php(311): WP_Hook->apply_filters('', Array)
#3 /Users/hiren/Sit in /Users/hiren/Sites/tmp/wp-content/plugins/woo-bundle-choice/application/controllers/ajax/eo_wbc_throw_error.php on line 10

2020-06-26T08:08:53+00:00 CRITICAL Uncaught Exception: There is an error at page http://127.0.0.1:8888/tmp/?customize_changeset_uuid=b4baabdc-dfca-4be1-b32f-5b7c2271bab5&customize_theme=twentytwenty&customize_messenger_channel=preview-0. Type: fatal_error Message: Woo Choice Plugin failed to display buttons on your current theme, you may send an error log or create a support ticket on the support forum. in /Users/hiren/Sites/tmp/wp-content/plugins/woo-bundle-choice/application/controllers/ajax/eo_wbc_throw_error.php:10
Stack trace:
#0 /Users/hiren/Sites/tmp/wp-content/plugins/woo-bundle-choice/application/woocommerce-bundle-choice-bootstrap.php(71): require_once()
#1 /Users/hiren/Sites/tmp/wp-includes/class-wp-hook.php(287): eo\wbc\WooCommerce_Bundle_Choice_Bootstrap->ajax('')
#2 /Users/hiren/Sites/tmp/wordpress/wordpres in /Users/hiren/Sites/tmp/wp-content/plugins/woo-bundle-choice/application/controllers/ajax/eo_wbc_throw_error.php on line 10

2020-06-26T08:10:18+00:00 CRITICAL Uncaught Exception: There is an error at page http://127.0.0.1:8888/tmp/?customize_changeset_uuid=52a8a976-e612-421c-9d55-070349152aad&customize_theme=twentytwenty&customize_messenger_channel=preview-3&customize_autosaved=on. Type: fatal_error Message: Woo Choice Plugin failed to display buttons on your current theme, you may send an error log or create a support ticket on the support forum. in /Users/hiren/Sites/tmp/wp-content/plugins/woo-bundle-choice/application/controllers/ajax/eo_wbc_throw_error.php:10
Stack trace:
#0 /Users/hiren/Sites/tmp/wp-content/plugins/woo-bundle-choice/application/woocommerce-bundle-choice-bootstrap.php(71): require_once()
#1 /Users/hiren/Sites/tmp/wp-includes/class-wp-hook.php(287): eo\wbc\WooCommerce_Bundle_Choice_Bootstrap->ajax('')
#2 /Users/hiren/Sites in /Users/hiren/Sites/tmp/wp-content/plugins/woo-bundle-choice/application/controllers/ajax/eo_wbc_throw_error.php on line 10

2020-06-26T08:27:15+00:00 CRITICAL Uncaught Exception: There is an error at page http://127.0.0.1:8888/tmp/. Type: fatal_error Message: Woo Choice Plugin failed to display buttons on your current theme, you may send an error log or create a support ticket on the support forum. in /Users/hiren/Sites/tmp/wp-content/plugins/woo-bundle-choice/application/controllers/ajax/eo_wbc_throw_error.php:10
Stack trace:
#0 /Users/hiren/Sites/tmp/wp-content/plugins/woo-bundle-choice/application/woocommerce-bundle-choice-bootstrap.php(71): require_once()
#1 /Users/hiren/Sites/tmp/wp-includes/class-wp-hook.php(287): eo\wbc\WooCommerce_Bundle_Choice_Bootstrap->ajax('')
#2 /Users/hiren/Sites/tmp/wp-includes/class-wp-hook.php(311): WP_Hook->apply_filters('', Array)
#3 /Users/hiren/Sit in /Users/hiren/Sites/tmp/wp-content/plugins/woo-bundle-choice/application/controllers/ajax/eo_wbc_throw_error.php on line 10

2020-06-26T14:13:55+00:00 CRITICAL Uncaught Error: Call to a member function sanitize_text_field() on null in /Users/hiren/Sites/tmp/wp-content/plugins/woo-bundle-choice/application/library/lib-sanitize.php:42
Stack trace:
#0 /Users/hiren/Sites/tmp/wp-content/plugins/woo-bundle-choice/application/model/admin/eowbc_filters.php(94): WBC_Sanitize->clean(Array)
#1 /Users/hiren/Sites/tmp/wp-content/plugins/woo-bundle-choice/application/controllers/ajax/eowbc_filters.php(22): eo\wbc\model\admin\Eowbc_Filters->save(Array)
#2 /Users/hiren/Sites/tmp/wp-content/plugins/woo-bundle-choice/application/woocommerce-bundle-choice-bootstrap.php(71): require_once('/Users/hiren/Si...')
#3 /Users/hiren/Sites/tmp/wp-includes/class-wp-hook.php(287): eo\wbc\WooCommerce_Bundle_Choic in /Users/hiren/Sites/tmp/wp-content/plugins/woo-bundle-choice/application/library/lib-sanitize.php on line 42

2020-06-26T14:28:57+00:00 CRITICAL Uncaught Error: Call to a member function sanitize_text_field() on null in /Users/hiren/Sites/tmp/wp-content/plugins/woo-bundle-choice/application/library/lib-sanitize.php:42
Stack trace:
#0 /Users/hiren/Sites/tmp/wp-content/plugins/woo-bundle-choice/application/model/admin/eowbc_filters.php(94): WBC_Sanitize->clean(Array)
#1 /Users/hiren/Sites/tmp/wp-content/plugins/woo-bundle-choice/application/controllers/ajax/eowbc_filters.php(22): eo\wbc\model\admin\Eowbc_Filters->save(Array)
#2 /Users/hiren/Sites/tmp/wp-content/plugins/woo-bundle-choice/application/woocommerce-bundle-choice-bootstrap.php(71): require_once('/Users/hiren/Si...')
#3 /Users/hiren/Sites/tmp/wp-includes/class-wp-hook.php(287): eo\wbc\WooCommerce_Bundle_Choic in /Users/hiren/Sites/tmp/wp-content/plugins/woo-bundle-choice/application/library/lib-sanitize.php on line 42

2020-06-26T14:35:24+00:00 CRITICAL Uncaught Error: Call to a member function sanitize_text_field() on null in /Users/hiren/Sites/tmp/wp-content/plugins/woo-bundle-choice/application/library/lib-sanitize.php:42
Stack trace:
#0 /Users/hiren/Sites/tmp/wp-content/plugins/woo-bundle-choice/application/model/admin/eowbc_filters.php(94): WBC_Sanitize->clean(Array)
#1 /Users/hiren/Sites/tmp/wp-content/plugins/woo-bundle-choice/application/controllers/ajax/eowbc_filters.php(22): eo\wbc\model\admin\Eowbc_Filters->save(Array)
#2 /Users/hiren/Sites/tmp/wp-content/plugins/woo-bundle-choice/application/woocommerce-bundle-choice-bootstrap.php(71): require_once('/Users/hiren/Si...')
#3 /Users/hiren/Sites/tmp/wp-includes/class-wp-hook.php(287): eo\wbc\WooCommerce_Bundle_Choic in /Users/hiren/Sites/tmp/wp-content/plugins/woo-bundle-choice/application/library/lib-sanitize.php on line 42

2020-06-26T14:37:09+00:00 CRITICAL Uncaught Error: Call to a member function sanitize_text_field() on null in /Users/hiren/Sites/tmp/wp-content/plugins/woo-bundle-choice/application/library/lib-sanitize.php:42
Stack trace:
#0 /Users/hiren/Sites/tmp/wp-content/plugins/woo-bundle-choice/application/model/admin/eowbc_filters.php(94): WBC_Sanitize->clean(Array)
#1 /Users/hiren/Sites/tmp/wp-content/plugins/woo-bundle-choice/application/controllers/ajax/eowbc_filters.php(22): eo\wbc\model\admin\Eowbc_Filters->save(Array)
#2 /Users/hiren/Sites/tmp/wp-content/plugins/woo-bundle-choice/application/woocommerce-bundle-choice-bootstrap.php(71): require_once('/Users/hiren/Si...')
#3 /Users/hiren/Sites/tmp/wp-includes/class-wp-hook.php(287): eo\wbc\WooCommerce_Bundle_Choic in /Users/hiren/Sites/tmp/wp-content/plugins/woo-bundle-choice/application/library/lib-sanitize.php on line 42

